Step: build-step-credential-initializer:

{"level":"warn","ts":1554378932.426909,"logger":"fallback-logger","caller":"logging/config.go:65","msg":"Fetch GitHub commit ID from kodata failed: \"ref: refs/heads/test\" is not a valid GitHub commit ID"}
{"level":"info","ts":1554378932.431075,"logger":"fallback-logger","caller":"creds-init/main.go:40","msg":"Credentials initialized."}
Step: build-step-git-source-0:

{"level":"warn","ts":1554378933.3209517,"logger":"fallback-logger","caller":"logging/config.go:65","msg":"Fetch GitHub commit ID from kodata failed: \"ref: refs/heads/test\" is not a valid GitHub commit ID"}
{"level":"info","ts":1554378933.4675195,"logger":"fallback-logger","caller":"git-init/main.go:92","msg":"Successfully cloned \"https://github.com/chenfli/test.git\" @ \"68cc7955e3bf22ce0176136e3330253994a78328\" in path \"/workspace\""}
Step: build-step-jenkins:

Picked up _JAVA_OPTIONS: -Xmx400m
Started
Running in Durability level: PERFORMANCE_OPTIMIZED
  13.247 [id=33]	WARNING	i.f.k.c.i.VersionUsageUtils#alert: The client is using resource type 'customresourcedefinitions' with unstable version 'v1beta1'
[Pipeline] Start of Pipeline
[Pipeline] node
Running on Jenkins in /tmp/jenkinsTests.tmp/jenkins8665735080511699293test/workspace/job
[Pipeline] {
[Pipeline] stage
[Pipeline] { (Declarative: Checkout SCM)
[Pipeline] checkout
[Pipeline] }
[Pipeline] // stage
[Pipeline] withCredentials
[Pipeline] {
[Pipeline] withEnv
[Pipeline] {
[Pipeline] stage
[Pipeline] { (CI Build and push snapshot)
[Pipeline] withEnv
[Pipeline] {
[Pipeline] sh
+ npm install
npm notice created a lockfile as package-lock.json. You should commit this file.
npm WARN REPLACE_ME@1.0.0 No repository field.
npm WARN REPLACE_ME@1.0.0 No license field.

up to date in 0.071s
[Pipeline] sh
+ CI=true DISPLAY=:99 npm test

> REPLACE_ME@1.0.0 test /tmp/jenkinsTests.tmp/jenkins8665735080511699293test/workspace/job
> echo "no test specified" && exit 0

no test specified
[Pipeline] sh
+ export VERSION=0.0.0-SNAPSHOT-PR-1-16
+ skaffold build -f skaffold.yaml
time="2019-04-04T11:55:59Z" level=warning msg="config version (skaffold/v1beta2) out of date: upgrading to latest (skaffold/v1beta6)"
Generating Tag for [changeme]...
Starting build...
Building [changeme]...
Sending build context to Docker daemon  96.26kB
Step 1/6 : FROM node:9-slim
 ---> e20bb4abe4ee
Step 2/6 : ENV PORT 8080
 ---> Using cache
 ---> 49bca859a9c9
Step 3/6 : EXPOSE 8080
 ---> Using cache
 ---> 5f71e40a34ea
Step 4/6 : WORKDIR /usr/src/app
 ---> Using cache
 ---> 5326f13bdcdf
Step 5/6 : COPY . .
 ---> 6ff482ec58c6
Step 6/6 : CMD ["npm", "start"]
 ---> Running in f3eb99f0f487
 ---> 74b4cccaaa27
Successfully built 74b4cccaaa27
Successfully tagged 10.3.0.167:5000/chenfli/test:0.0.0-SNAPSHOT-PR-1-16
The push refers to repository [10.3.0.167:5000/chenfli/test]
534ba4a8cf29: Preparing
26c683e848dc: Preparing
e16c226cf2a8: Preparing
7fd597d009e4: Preparing
7c6ab5fb7059: Preparing
ed271eac23e9: Preparing
156ff16f37e4: Preparing
ed271eac23e9: Waiting
156ff16f37e4: Waiting
26c683e848dc: Layer already exists
ed271eac23e9: Layer already exists
7c6ab5fb7059: Layer already exists
7fd597d009e4: Layer already exists
e16c226cf2a8: Layer already exists
156ff16f37e4: Layer already exists
534ba4a8cf29: Pushed
0.0.0-SNAPSHOT-PR-1-16: digest: sha256:68495cff5a749846c1fd99ac465bc98092c80ba2c1b162ed966cf08824027cc9 size: 1786
Build complete in 3.692307435s
Starting test...
Test complete in 4.1Âµs
changeme -> 10.3.0.167:5000/chenfli/test:0.0.0-SNAPSHOT-PR-1-16@sha256:68495cff5a749846c1fd99ac465bc98092c80ba2c1b162ed966cf08824027cc9
There is a new version (0.26.0) of Skaffold available. Download it at https://storage.googleapis.com/skaffold/releases/latest/skaffold-linux-amd64

[Pipeline] sh
+ jx step post build --image 10.3.0.167:5000/chenfli/test:0.0.0-SNAPSHOT-PR-1-16
[Pipeline] dir
Running in /tmp/jenkinsTests.tmp/jenkins8665735080511699293test/workspace/job/charts/preview
[Pipeline] {
[Pipeline] sh
+ make preview
sed -i -e "s/version:.*/version: 0.0.0-SNAPSHOT-PR-1-16/" Chart.yaml
sed -i -e "s/version:.*/version: 0.0.0-SNAPSHOT-PR-1-16/" ../*/Chart.yaml
sed -i -e "s|repository:.*|repository: 10.3.0.167:5000\/chenfli\/test|" values.yaml
sed -i -e "s/tag:.*/tag: 0.0.0-SNAPSHOT-PR-1-16/" values.yaml
sed -i -e "s/http: "true"/http: "true"\n    path-mode:path/" values.yaml
echo "  version: 0.0.0-SNAPSHOT-PR-1-16" >> requirements.yaml
jx step helm build
No $CHART_REPOSITORY defined so using the default value of: http://jenkins-x-chartmuseum:8080
Adding missing Helm repo: jenkins-x http://chartmuseum.jenkins-x.io
Successfully added Helm repository jenkins-x.
Adding missing Helm repo: releases http://jenkins-x-chartmuseum:8080
Successfully added Helm repository releases.
error: failed to lint the chart '.': failed to run 'helm lint' command in directory '.', output: '==> Linting .
[ERROR] values.yaml: unable to parse YAML
	error converting YAML to JSON: yaml: line 10: could not find expected ':'
[WARNING] templates/: directory not found

Error: 1 chart(s) linted, 1 chart(s) failed'
Makefile:9: recipe for target 'preview' failed
make: *** [preview] Error 1
[Pipeline] }
[Pipeline] // dir
[Pipeline] }
[Pipeline] // withEnv
[Pipeline] }
[Pipeline] // stage
[Pipeline] stage
[Pipeline] { (Build Release)
Stage "Build Release" skipped due to earlier failure(s)
[Pipeline] }
[Pipeline] // stage
[Pipeline] stage
[Pipeline] { (Promote to Environments)
Stage "Promote to Environments" skipped due to earlier failure(s)
[Pipeline] }
[Pipeline] // stage
[Pipeline] }
[Pipeline] // withEnv
[Pipeline] }
[Pipeline] // withCredentials
[Pipeline] }
[Pipeline] // node
[Pipeline] End of Pipeline
ERROR: script returned exit code 2
Finished: FAILURE
